gradleBuild/outputs/logs/manifest-merger-debug-report.txt
-- Merging decision tree log ---
manifest
ADDED from android/tfmobile/AndroidManifest.xml:2:1-39:12
MERGED from [org.tensorflow:tensorflow-android:1.13.1] AndroidManifest.xml:2:1-8:12
MERGED from [com.android.support.constraint:constraint-layout:2.0.0-beta2] AndroidManifest.xml:2:1-11:12
MERGED from [com.android.support:appcompat-v7:28.0.0] AndroidManifest.xml:17:1-22:12
MERGED from [com.android.support:support-fragment:28.0.0] AndroidManifest.xml:17:1-22:12
MERGED from [com.android.support:animated-vector-drawable:28.0.0] AndroidManifest.xml:17:1-22:12
MERGED from [com.android.support:support-core-ui:28.0.0] AndroidManifest.xml:17:1-22:12
MERGED from [com.android.support:support-core-utils:28.0.0] AndroidManifest.xml:17:1-22:12
MERGED from [com.android.support:support-vector-drawable:28.0.0] AndroidManifest.xml:17:1-22:12
MERGED from [com.android.support:loader:28.0.0] AndroidManifest.xml:17:1-22:12
MERGED from [com.android.support:viewpager:28.0.0] AndroidManifest.xml:17:1-22:12
MERGED from [com.android.support:coordinatorlayout:28.0.0] AndroidManifest.xml:17:1-22:12
MERGED from [com.android.support:drawerlayout:28.0.0] AndroidManifest.xml:17:1-22:12
MERGED from [com.android.support:slidingpanelayout:28.0.0] AndroidManifest.xml:17:1-22:12
MERGED from [com.android.support:customview:28.0.0] AndroidManifest.xml:17:1-22:12
MERGED from [com.android.support:swiperefreshlayout:28.0.0] AndroidManifest.xml:17:1-22:12
MERGED from [com.android.support:asynclayoutinflater:28.0.0] AndroidManifest.xml:17:1-22:12
MERGED from [com.android.support:support-compat:28.0.0] AndroidManifest.xml:17:1-24:12
MERGED from [com.android.support:versionedparcelable:28.0.0] AndroidManifest.xml:17:1-25:12
MERGED from [com.android.support:cursoradapter:28.0.0] AndroidManifest.xml:17:1-22:12
MERGED from [android.arch.lifecycle:runtime:1.1.1] AndroidManifest.xml:17:1-22:12
MERGED from [com.android.support:documentfile:28.0.0] AndroidManifest.xml:17:1-22:12
MERGED from [com.android.support:localbroadcastmanager:28.0.0] AndroidManifest.xml:17:1-22:12
MERGED from [com.android.support:print:28.0.0] AndroidManifest.xml:17:1-22:12
MERGED from [android.arch.lifecycle:viewmodel:1.1.1] AndroidManifest.xml:17:1-22:12
MERGED from [android.arch.lifecycle:livedata:1.1.1] AndroidManifest.xml:17:1-22:12
MERGED from [android.arch.lifecycle:livedata-core:1.1.1] AndroidManifest.xml:17:1-22:12
MERGED from [android.arch.core:runtime:1.1.1] AndroidManifest.xml:17:1-22:12
MERGED from [com.android.support:interpolator:28.0.0] AndroidManifest.xml:17:1-22:12
	package
		ADDED from android/tfmobile/AndroidManifest.xml:4:5-34
	xmlns:tools
		ADDED from android/tfmobile/AndroidManifest.xml:3:5-51
	xmlns:android
		ADDED from android/tfmobile/AndroidManifest.xml:2:11-69
uses-permission#android.permission.CAMERA
ADDED from android/tfmobile/AndroidManifest.xml:6:5-65
	android:name
		ADDED from android/tfmobile/AndroidManifest.xml:6:22-62
uses-feature#android.hardware.camera
ADDED from android/tfmobile/AndroidManifest.xml:8:5-60
	android:name
		ADDED from android/tfmobile/AndroidManifest.xml:8:19-57
uses-feature#android.hardware.camera.autofocus
ADDED from android/tfmobile/AndroidManifest.xml:9:5-70
	android:name
		ADDED from android/tfmobile/AndroidManifest.xml:9:19-67
uses-permission#android.permission.WRITE_EXTERNAL_STORAGE
ADDED from android/tfmobile/AndroidManifest.xml:11:5-81
	android:name
		ADDED from android/tfmobile/AndroidManifest.xml:11:22-78
application
ADDED from android/tfmobile/AndroidManifest.xml:13:5-37:19
MERGED from [org.tensorflow:tensorflow-android:1.13.1] AndroidManifest.xml:5:5-6:19
MERGED from [org.tensorflow:tensorflow-android:1.13.1] AndroidManifest.xml:5:5-6:19
MERGED from [com.android.support.constraint:constraint-layout:2.0.0-beta2] AndroidManifest.xml:9:5-20
MERGED from [com.android.support.constraint:constraint-layout:2.0.0-beta2] AndroidManifest.xml:9:5-20
MERGED from [com.android.support:support-compat:28.0.0] AndroidManifest.xml:22:5-94
MERGED from [com.android.support:support-compat:28.0.0] AndroidManifest.xml:22:5-94
MERGED from [com.android.support:versionedparcelable:28.0.0] AndroidManifest.xml:22:5-23:19
MERGED from [com.android.support:versionedparcelable:28.0.0] AndroidManifest.xml:22:5-23:19
	android:appComponentFactory
		ADDED from [com.android.support:support-compat:28.0.0] AndroidManifest.xml:22:18-91
	android:label
		ADDED from android/tfmobile/AndroidManifest.xml:18:9-41
	android:debuggable
		ADDED from android/tfmobile/AndroidManifest.xml:16:9-34
	tools:ignore
		ADDED from android/tfmobile/AndroidManifest.xml:20:9-42
	android:icon
		ADDED from android/tfmobile/AndroidManifest.xml:17:9-45
	android:allowBackup
		ADDED from android/tfmobile/AndroidManifest.xml:15:9-35
	android:theme
		ADDED from android/tfmobile/AndroidManifest.xml:19:9-53
activity#org.tensorflow.demo.MainActivity
ADDED from android/tfmobile/AndroidManifest.xml:22:9-30:20
	android:label
		ADDED from android/tfmobile/AndroidManifest.xml:23:13-45
	android:name
		ADDED from android/tfmobile/AndroidManifest.xml:22:19-47
intent-filter#action:name:android.intent.action.MAIN+category:name:android.intent.category.DEFAULT+category:name:android.intent.category.LAUNCHER
ADDED from android/tfmobile/AndroidManifest.xml:24:13-28:29
action#android.intent.action.MAIN
ADDED from android/tfmobile/AndroidManifest.xml:25:17-69
	android:name
		ADDED from android/tfmobile/AndroidManifest.xml:25:25-66
category#android.intent.category.LAUNCHER
ADDED from android/tfmobile/AndroidManifest.xml:26:17-77
	android:name
		ADDED from android/tfmobile/AndroidManifest.xml:26:27-74
category#android.intent.category.DEFAULT
ADDED from android/tfmobile/AndroidManifest.xml:27:17-75
	android:name
		ADDED from android/tfmobile/AndroidManifest.xml:27:27-73
activity#org.tensorflow.demo.ClassifierActivity
ADDED from android/tfmobile/AndroidManifest.xml:31:9-36:20
	android:screenOrientation
		ADDED from android/tfmobile/AndroidManifest.xml:34:13-49
	android:label
		ADDED from android/tfmobile/AndroidManifest.xml:33:13-65
	android:name
		ADDED from android/tfmobile/AndroidManifest.xml:32:13-47
uses-sdk
INJECTED from android/tfmobile/AndroidManifest.xml reason: use-sdk injection requested
INJECTED from android/tfmobile/AndroidManifest.xml
MERGED from [com.android.support.constraint:constraint-layout:2.0.0-beta2] AndroidManifest.xml:5:5-7:41
MERGED from [com.android.support.constraint:constraint-layout:2.0.0-beta2] AndroidManifest.xml:5:5-7:41
MERGED from [com.android.support:appcompat-v7:28.0.0] AndroidManifest.xml:20:5-44
MERGED from [com.android.support:appcompat-v7:28.0.0] AndroidManifest.xml:20:5-44
MERGED from [com.android.support:support-fragment:28.0.0] AndroidManifest.xml:20:5-44
MERGED from [com.android.support:support-fragment:28.0.0] AndroidManifest.xml:20:5-44
MERGED from [com.android.support:animated-vector-drawable:28.0.0] AndroidManifest.xml:20:5-44
MERGED from [com.android.support:animated-vector-drawable:28.0.0] AndroidManifest.xml:20:5-44
MERGED from [com.android.support:support-core-ui:28.0.0] AndroidManifest.xml:20:5-44
MERGED from [com.android.support:support-core-ui:28.0.0] AndroidManifest.xml:20:5-44
MERGED from [com.android.support:support-core-utils:28.0.0] AndroidManifest.xml:20:5-44
MERGED from [com.android.support:support-core-utils:28.0.0] AndroidManifest.xml:20:5-44
MERGED from [com.android.support:support-vector-drawable:28.0.0] AndroidManifest.xml:20:5-44
MERGED from [com.android.support:support-vector-drawable:28.0.0] AndroidManifest.xml:20:5-44
MERGED from [com.android.support:loader:28.0.0] AndroidManifest.xml:20:5-44
MERGED from [com.android.support:loader:28.0.0] AndroidManifest.xml:20:5-44
MERGED from [com.android.support:viewpager:28.0.0] AndroidManifest.xml:20:5-44
MERGED from [com.android.support:viewpager:28.0.0] AndroidManifest.xml:20:5-44
MERGED from [com.android.support:coordinatorlayout:28.0.0] AndroidManifest.xml:20:5-44
MERGED from [com.android.support:coordinatorlayout:28.0.0] AndroidManifest.xml:20:5-44
MERGED from [com.android.support:drawerlayout:28.0.0] AndroidManifest.xml:20:5-44
MERGED from [com.android.support:drawerlayout:28.0.0] AndroidManifest.xml:20:5-44
MERGED from [com.android.support:slidingpanelayout:28.0.0] AndroidManifest.xml:20:5-44
MERGED from [com.android.support:slidingpanelayout:28.0.0] AndroidManifest.xml:20:5-44
MERGED from [com.android.support:customview:28.0.0] AndroidManifest.xml:20:5-44
MERGED from [com.android.support:customview:28.0.0] AndroidManifest.xml:20:5-44
MERGED from [com.android.support:swiperefreshlayout:28.0.0] AndroidManifest.xml:20:5-44
MERGED from [com.android.support:swiperefreshlayout:28.0.0] AndroidManifest.xml:20:5-44
MERGED from [com.android.support:asynclayoutinflater:28.0.0] AndroidManifest.xml:20:5-44
MERGED from [com.android.support:asynclayoutinflater:28.0.0] AndroidManifest.xml:20:5-44
MERGED from [com.android.support:support-compat:28.0.0] AndroidManifest.xml:20:5-44
MERGED from [com.android.support:support-compat:28.0.0] AndroidManifest.xml:20:5-44
MERGED from [com.android.support:versionedparcelable:28.0.0] AndroidManifest.xml:20:5-44
MERGED from [com.android.support:versionedparcelable:28.0.0] AndroidManifest.xml:20:5-44
MERGED from [com.android.support:cursoradapter:28.0.0] AndroidManifest.xml:20:5-44
MERGED from [com.android.support:cursoradapter:28.0.0] AndroidManifest.xml:20:5-44
MERGED from [android.arch.lifecycle:runtime:1.1.1] AndroidManifest.xml:20:5-44
MERGED from [android.arch.lifecycle:runtime:1.1.1] AndroidManifest.xml:20:5-44
MERGED from [com.android.support:documentfile:28.0.0] AndroidManifest.xml:20:5-44
MERGED from [com.android.support:documentfile:28.0.0] AndroidManifest.xml:20:5-44
MERGED from [com.android.support:localbroadcastmanager:28.0.0] AndroidManifest.xml:20:5-44
MERGED from [com.android.support:localbroadcastmanager:28.0.0] AndroidManifest.xml:20:5-44
MERGED from [com.android.support:print:28.0.0] AndroidManifest.xml:20:5-44
MERGED from [com.android.support:print:28.0.0] AndroidManifest.xml:20:5-44
MERGED from [android.arch.lifecycle:viewmodel:1.1.1] AndroidManifest.xml:20:5-44
MERGED from [android.arch.lifecycle:viewmodel:1.1.1] AndroidManifest.xml:20:5-44
MERGED from [android.arch.lifecycle:livedata:1.1.1] AndroidManifest.xml:20:5-44
MERGED from [android.arch.lifecycle:livedata:1.1.1] AndroidManifest.xml:20:5-44
MERGED from [android.arch.lifecycle:livedata-core:1.1.1] AndroidManifest.xml:20:5-44
MERGED from [android.arch.lifecycle:livedata-core:1.1.1] AndroidManifest.xml:20:5-44
MERGED from [android.arch.core:runtime:1.1.1] AndroidManifest.xml:20:5-44
MERGED from [android.arch.core:runtime:1.1.1] AndroidManifest.xml:20:5-44
MERGED from [com.android.support:interpolator:28.0.0] AndroidManifest.xml:20:5-44
MERGED from [com.android.support:interpolator:28.0.0] AndroidManifest.xml:20:5-44
INJECTED from android/tfmobile/AndroidManifest.xml
	android:targetSdkVersion
		ADDED from [com.android.support.constraint:constraint-layout:2.0.0-beta2] AndroidManifest.xml:7:9-38
	android:minSdkVersion
		INJECTED from android/tfmobile/AndroidManifest.xml
		ADDED from android/tfmobile/AndroidManifest.xml
		INJECTED from android/tfmobile/AndroidManifest.xml
uses-permission#android.permission.READ_PHONE_STATE
IMPLIED from android/tfmobile/AndroidManifest.xml:2:1-39:12 reason: tensorflow.contrib.android has a targetSdkVersion < 4
uses-permission#android.permission.READ_EXTERNAL_STORAGE
IMPLIED from android/tfmobile/AndroidManifest.xml:2:1-39:12 reason: tensorflow.contrib.android requested WRITE_EXTERNAL_STORAGE